<?xml version="1.0" encoding="UTF-8"?>
<testng-results skipped="0" failed="0" ignored="0" total="3" passed="3">
  <reporter-output>
  </reporter-output>
  <suite name="Surefire suite" duration-ms="30196" started-at="2024-10-28T18:47:40Z" finished-at="2024-10-28T18:48:10Z">
    <groups>
    </groups>
    <test name="Surefire test" duration-ms="30196" started-at="2024-10-28T18:47:40Z" finished-at="2024-10-28T18:48:10Z">
      <class name="Testcases.AddTodoTest">
        <test-method status="PASS" signature="StartDriver()[pri:0, instance:Testcases.AddTodoTest@52a86356]" name="StartDriver" is-config="true" duration-ms="17179" started-at="2024-10-28T18:47:40Z" finished-at="2024-10-28T18:47:57Z">
          <reporter-output>
          </reporter-output>
        </test-method> <!-- StartDriver -->
        <test-method status="PASS" signature="StartDriver()[pri:0, instance:Testcases.AddTodoTest@52a86356]" name="StartDriver" is-config="true" duration-ms="16355" started-at="2024-10-28T18:47:40Z" finished-at="2024-10-28T18:47:56Z">
          <reporter-output>
          </reporter-output>
        </test-method> <!-- StartDriver -->
        <test-method status="PASS" signature="AddTodo()[pri:0, instance:Testcases.AddTodoTest@52a86356]" name="AddTodo" duration-ms="13183" started-at="2024-10-28T18:47:56Z" finished-at="2024-10-28T18:48:09Z">
          <reporter-output>
          </reporter-output>
        </test-method> <!-- AddTodo -->
        <test-method status="PASS" signature="ShouldBeDeleteTest()[pri:0, instance:Testcases.AddTodoTest@52a86356]" name="ShouldBeDeleteTest" duration-ms="12444" started-at="2024-10-28T18:47:57Z" finished-at="2024-10-28T18:48:09Z">
          <reporter-output>
          </reporter-output>
        </test-method> <!-- ShouldBeDeleteTest -->
        <test-method status="PASS" signature="TearDown()[pri:0, instance:Testcases.AddTodoTest@52a86356]" name="TearDown" is-config="true" duration-ms="0" started-at="2024-10-28T18:48:09Z" finished-at="2024-10-28T18:48:09Z">
          <reporter-output>
          </reporter-output>
        </test-method> <!-- TearDown -->
        <test-method status="PASS" signature="TearDown()[pri:0, instance:Testcases.AddTodoTest@52a86356]" name="TearDown" is-config="true" duration-ms="0" started-at="2024-10-28T18:48:09Z" finished-at="2024-10-28T18:48:09Z">
          <reporter-output>
          </reporter-output>
        </test-method> <!-- TearDown -->
      </class> <!-- Testcases.AddTodoTest -->
      <class name="Testcases.LoginTest">
        <test-method status="PASS" signature="StartDriver()[pri:0, instance:Testcases.LoginTest@5ce81285]" name="StartDriver" is-config="true" duration-ms="16942" started-at="2024-10-28T18:47:40Z" finished-at="2024-10-28T18:47:57Z">
          <reporter-output>
          </reporter-output>
        </test-method> <!-- StartDriver -->
        <test-method status="PASS" signature="ShouldeBeAbleToLogin()[pri:0, instance:Testcases.LoginTest@5ce81285]" name="ShouldeBeAbleToLogin" duration-ms="13190" started-at="2024-10-28T18:47:57Z" finished-at="2024-10-28T18:48:10Z">
          <reporter-output>
          </reporter-output>
        </test-method> <!-- ShouldeBeAbleToLogin -->
        <test-method status="PASS" signature="TearDown()[pri:0, instance:Testcases.LoginTest@5ce81285]" name="TearDown" is-config="true" duration-ms="0" started-at="2024-10-28T18:48:10Z" finished-at="2024-10-28T18:48:10Z">
          <reporter-output>
          </reporter-output>
        </test-method> <!-- TearDown -->
      </class> <!-- Testcases.LoginTest -->
    </test> <!-- Surefire test -->
  </suite> <!-- Surefire suite -->
</testng-results>
